-------------------------------------------------------------------------------
Test set: TestSuite
-------------------------------------------------------------------------------
Tests run: 2, Failures: 2, Errors: 0, Skipped: 0, Time elapsed: 46.003 sec <<< FAILURE! - in TestSuite
userIsAbleToAuthenticateSuccessfullyJira001(multithreading.AuthenticationTest)  Time elapsed: 44.202 sec  <<< FAILURE!
java.lang.AssertionError: null
	at org.testng.Assert.fail(Assert.java:96)
	at org.testng.Assert.fail(Assert.java:103)
	at multithreading.TestBase.testFailed(TestBase.java:74)
	at multithreading.AuthenticationTest.userIsAbleToAuthenticateSuccessfullyJira001(AuthenticationTest.java:37)

userIsAbleToAuthenticateSuccessfullyJira001(multithreading.AuthenticationTest)  Time elapsed: 45.611 sec  <<< FAILURE!
java.lang.AssertionError: null
	at org.testng.Assert.fail(Assert.java:96)
	at org.testng.Assert.fail(Assert.java:103)
	at multithreading.TestBase.testFailed(TestBase.java:74)
	at multithreading.AuthenticationTest.userIsAbleToAuthenticateSuccessfullyJira001(AuthenticationTest.java:37)

